Started GET "/products.json" for 127.0.0.1 at 2018-06-18 21:20:33 -0400
  [1m[36mActiveRecord::SchemaMigration Load (0.5ms)[0m  [1m[34mSELECT "schema_migrations".* FROM "schema_migrations"[0m
  
SyntaxError (/Users/ricknjns/Desktop/Ruby/depot/app/controllers/products_controller.rb:9: syntax error, unexpected <<, expecting keyword_end
<<<<<<< HEAD
  ^
/Users/ricknjns/Desktop/Ruby/depot/app/controllers/products_controller.rb:14: syntax error, unexpected ===, expecting keyword_end
=======
   ^
/Users/ricknjns/Desktop/Ruby/depot/app/controllers/products_controller.rb:16: syntax error, unexpected >>, expecting keyword_end
>>>>>>> parent of 959c669... jbuilder
  ^
/Users/ricknjns/Desktop/Ruby/depot/app/controllers/products_controller.rb:16: syntax error, unexpected tIDENTIFIER, expecting keyword_end
>>>>>>> parent of 959c669... jbuilder
                         ^
/Users/ricknjns/Desktop/Ruby/depot/app/controllers/products_controller.rb:17: syntax error, unexpected ===, expecting keyword_end
=======
   ^
/Users/ricknjns/Desktop/Ruby/depot/app/controllers/products_controller.rb:19: syntax error, unexpected >>, expecting keyword_end
>>>>>>> parent of 959c669... jbuilder
  ^
/Users/ricknjns/Desktop/Ruby/depot/app/controllers/products_controller.rb:19: syntax error, unexpected tIDENTIFIER, expecting keyword_end
>>>>>>> parent of 959c669... jbuilder
                         ^
/Users/ricknjns/Desktop/Ruby/depot/app/controllers/products_controller.rb:20: syntax error, unexpected ===, expecting keyword_end
=======
   ^
/Users/ricknjns/Desktop/Ruby/depot/app/controllers/products_controller.rb:22: syntax error, unexpected >>, expecting keyword_end
>>>>>>> parent of 959c669... jbuilder
  ^
/Users/ricknjns/Desktop/Ruby/depot/app/controllers/products_controller.rb:22: syntax error, unexpected tIDENTIFIER, expecting keyword_end
>>>>>>> parent of 959c669... jbuilder
                         ^
/Users/ricknjns/Desktop/Ruby/depot/app/controllers/products_controller.rb:23: syntax error, unexpected ===, expecting keyword_end
=======
   ^
/Users/ricknjns/Desktop/Ruby/depot/app/controllers/products_controller.rb:25: syntax error, unexpected >>, expecting keyword_end
>>>>>>> parent of 959c669... jbuilder
  ^
/Users/ricknjns/Desktop/Ruby/depot/app/controllers/products_controller.rb:25: syntax error, unexpected tIDENTIFIER, expecting keyword_end
>>>>>>> parent of 959c669... jbuilder
                         ^):
  
app/controllers/products_controller.rb:9: syntax error, unexpected <<, expecting keyword_end
app/controllers/products_controller.rb:14: syntax error, unexpected ===, expecting keyword_end
app/controllers/products_controller.rb:16: syntax error, unexpected >>, expecting keyword_end
app/controllers/products_controller.rb:16: syntax error, unexpected tIDENTIFIER, expecting keyword_end
app/controllers/products_controller.rb:17: syntax error, unexpected ===, expecting keyword_end
app/controllers/products_controller.rb:19: syntax error, unexpected >>, expecting keyword_end
app/controllers/products_controller.rb:19: syntax error, unexpected tIDENTIFIER, expecting keyword_end
app/controllers/products_controller.rb:20: syntax error, unexpected ===, expecting keyword_end
app/controllers/products_controller.rb:22: syntax error, unexpected >>, expecting keyword_end
app/controllers/products_controller.rb:22: syntax error, unexpected tIDENTIFIER, expecting keyword_end
app/controllers/products_controller.rb:23: syntax error, unexpected ===, expecting keyword_end
app/controllers/products_controller.rb:25: syntax error, unexpected >>, expecting keyword_end
app/controllers/products_controller.rb:25: syntax error, unexpected tIDENTIFIER, expecting keyword_end
  Rendering /Users/ricknjns/.rvm/gems/ruby-2.3.0/gems/actionpack-5.0.6/lib/action_dispatch/middleware/templates/rescues/diagnostics.html.erb within rescues/layout
  Rendering /Users/ricknjns/.rvm/gems/ruby-2.3.0/gems/actionpack-5.0.6/lib/action_dispatch/middleware/templates/rescues/_source.html.erb
  Rendered /Users/ricknjns/.rvm/gems/ruby-2.3.0/gems/actionpack-5.0.6/lib/action_dispatch/middleware/templates/rescues/_source.html.erb (3.2ms)
  Rendering /Users/ricknjns/.rvm/gems/ruby-2.3.0/gems/actionpack-5.0.6/lib/action_dispatch/middleware/templates/rescues/_trace.html.erb
  Rendered /Users/ricknjns/.rvm/gems/ruby-2.3.0/gems/actionpack-5.0.6/lib/action_dispatch/middleware/templates/rescues/_trace.html.erb (1.7ms)
  Rendering /Users/ricknjns/.rvm/gems/ruby-2.3.0/gems/actionpack-5.0.6/lib/action_dispatch/middleware/templates/rescues/_request_and_response.html.erb
  Rendered /Users/ricknjns/.rvm/gems/ruby-2.3.0/gems/actionpack-5.0.6/lib/action_dispatch/middleware/templates/rescues/_request_and_response.html.erb (12.3ms)
  Rendered /Users/ricknjns/.rvm/gems/ruby-2.3.0/gems/actionpack-5.0.6/lib/action_dispatch/middleware/templates/rescues/diagnostics.html.erb within rescues/layout (96.4ms)
Started GET "/products.json" for 127.0.0.1 at 2018-06-18 21:21:18 -0400
Processing by ProductsController#index as JSON
  [1m[36mProduct Load (0.6ms)[0m  [1m[34mSELECT "products".* FROM "products"[0m
  Rendering inline template
  Rendered inline template (0.3ms)
Completed 200 OK in 22ms (Views: 1.0ms | ActiveRecord: 4.6ms)


Started GET "/products" for 127.0.0.1 at 2018-06-18 21:21:36 -0400
Processing by ProductsController#index as HTML
  Rendering products/index.html.erb within layouts/application
  [1m[36mProduct Load (3.1ms)[0m  [1m[34mSELECT "products".* FROM "products"[0m
Started GET "/products" for 127.0.0.1 at 2018-06-18 21:21:40 -0400
Processing by ProductsController#index as HTML
  Rendering products/index.html.erb within layouts/application
  [1m[36mProduct Load (2.4ms)[0m  [1m[34mSELECT "products".* FROM "products"[0m
  Rendered products/index.html.erb within layouts/application (5347.1ms)
  Rendered products/index.html.erb within layouts/application (9510.9ms)
Completed 200 OK in 6228ms (Views: 6224.6ms | ActiveRecord: 2.4ms)


Completed 200 OK in 10523ms (Views: 10519.0ms | ActiveRecord: 3.1ms)


Started GET "/products/new" for 127.0.0.1 at 2018-06-18 21:21:51 -0400
Processing by ProductsController#new as HTML
  Rendering products/new.html.erb within layouts/application
  Rendered products/_form.html.erb (79.6ms)
  Rendered products/new.html.erb within layouts/application (82.0ms)
Completed 200 OK in 395ms (Views: 390.7ms | ActiveRecord: 0.0ms)


Started GET "/products/new" for 127.0.0.1 at 2018-06-18 22:01:45 -0400
  [1m[36mActiveRecord::SchemaMigration Load (0.4ms)[0m  [1m[34mSELECT "schema_migrations".* FROM "schema_migrations"[0m
Processing by ProductsController#new as HTML
  Rendering products/new.html.erb within layouts/application
  Rendered products/_form.html.erb (81.3ms)
  Rendered products/new.html.erb within layouts/application (90.5ms)
Completed 200 OK in 1304ms (Views: 1268.3ms | ActiveRecord: 3.4ms)


Started GET "/products" for 127.0.0.1 at 2018-06-18 22:01:50 -0400
Processing by ProductsController#index as HTML
  Rendering products/index.html.erb within layouts/application
  [1m[36mProduct Load (1.0ms)[0m  [1m[34mSELECT "products".* FROM "products"[0m
  Rendered products/index.html.erb within layouts/application (28.0ms)
Completed 200 OK in 401ms (Views: 399.2ms | ActiveRecord: 1.0ms)


Started GET "/products.json" for 127.0.0.1 at 2018-06-18 22:01:51 -0400
Processing by ProductsController#index as JSON
  [1m[36mProduct Load (0.4ms)[0m  [1m[34mSELECT "products".* FROM "products"[0m
  Rendering inline template
  Rendered inline template (0.5ms)
Completed 200 OK in 5ms (Views: 1.2ms | ActiveRecord: 0.4ms)


Started GET "/" for 127.0.0.1 at 2018-06-18 23:32:00 -0400
  [1m[36mActiveRecord::SchemaMigration Load (26.7ms)[0m  [1m[34mSELECT "schema_migrations".* FROM "schema_migrations"[0m
Processing by StoreController#index as HTML
  [1m[36mCart Load (25.2ms)[0m  [1m[34mSELECT  "carts".* FROM "carts" WHERE "carts"."id" = $1 LIMIT $2[0m  [["id", 58], ["LIMIT", 1]]
  Rendering store/index.html.erb within layouts/application
  [1m[36mProduct Load (30.7ms)[0m  [1m[34mSELECT "products".* FROM "products" ORDER BY "products"."title" ASC[0m
Started GET "/" for 127.0.0.1 at 2018-06-18 23:32:04 -0400
Processing by StoreController#index as HTML
  [1m[36mCart Load (0.8ms)[0m  [1m[34mSELECT  "carts".* FROM "carts" WHERE "carts"."id" = $1 LIMIT $2[0m  [["id", 58], ["LIMIT", 1]]
  Rendering store/index.html.erb within layouts/application
  [1m[36mProduct Load (5.5ms)[0m  [1m[34mSELECT "products".* FROM "products" ORDER BY "products"."title" ASC[0m
  Rendered store/index.html.erb within layouts/application (6767.7ms)
  Rendered store/index.html.erb within layouts/application (4250.3ms)
Completed 500 Internal Server Error in 5189ms (ActiveRecord: 6.4ms)


  
Completed 500 Internal Server Error in 8597ms (ActiveRecord: 90.4ms)


ActionView::Template::Error (
        WebpackerLite can't find the manifest file: /Users/ricknjns/Desktop/Ruby/depot/public/webpack/development/manifest.json
        Possible causes:
          1. You have not invoked webpack.
          2. You have misconfigured WebpackerLite's config/webpacker_lite.yml file.
          3. Your Webpack configuration is not creating a manifest.
):
  
     6:   <%= csrf_meta_tags %>
     7:     <%= stylesheet_link_tag 'application', media: 'all' %>
     8:       <%= javascript_include_tag 'application' %>
     9:       <%= javascript_pack_tag 'application' %>
    10: </head>
    11: 
    12: <body class="<%=controller.controller_name %>">
ActionView::Template::Error (
        WebpackerLite can't find the manifest file: /Users/ricknjns/Desktop/Ruby/depot/public/webpack/development/manifest.json
        Possible causes:
          1. You have not invoked webpack.
          2. You have misconfigured WebpackerLite's config/webpacker_lite.yml file.
          3. Your Webpack configuration is not creating a manifest.
):
     6:   <%= csrf_meta_tags %>
     7:     <%= stylesheet_link_tag 'application', media: 'all' %>
     8:       <%= javascript_include_tag 'application' %>
     9:       <%= javascript_pack_tag 'application' %>
    10: </head>
    11: 
    12: <body class="<%=controller.controller_name %>">
  
app/views/layouts/application.html.erb:9:in `_app_views_layouts_application_html_erb___2152940725194774756_70307661175020'
  
app/views/layouts/application.html.erb:9:in `_app_views_layouts_application_html_erb___2152940725194774756_70307701426860'
  Rendering /Users/ricknjns/.rvm/gems/ruby-2.3.0/gems/actionpack-5.0.6/lib/action_dispatch/middleware/templates/rescues/template_error.html.erb within rescues/layout
  Rendering /Users/ricknjns/.rvm/gems/ruby-2.3.0/gems/actionpack-5.0.6/lib/action_dispatch/middleware/templates/rescues/template_error.html.erb within rescues/layout
  Rendering /Users/ricknjns/.rvm/gems/ruby-2.3.0/gems/actionpack-5.0.6/lib/action_dispatch/middleware/templates/rescues/_source.html.erb
  Rendering /Users/ricknjns/.rvm/gems/ruby-2.3.0/gems/actionpack-5.0.6/lib/action_dispatch/middleware/templates/rescues/_source.html.erb
  Rendered /Users/ricknjns/.rvm/gems/ruby-2.3.0/gems/actionpack-5.0.6/lib/action_dispatch/middleware/templates/rescues/_source.html.erb (3.8ms)
  Rendered /Users/ricknjns/.rvm/gems/ruby-2.3.0/gems/actionpack-5.0.6/lib/action_dispatch/middleware/templates/rescues/_source.html.erb (6.4ms)
  Rendering /Users/ricknjns/.rvm/gems/ruby-2.3.0/gems/actionpack-5.0.6/lib/action_dispatch/middleware/templates/rescues/_trace.html.erb
  Rendering /Users/ricknjns/.rvm/gems/ruby-2.3.0/gems/actionpack-5.0.6/lib/action_dispatch/middleware/templates/rescues/_trace.html.erb
  Rendered /Users/ricknjns/.rvm/gems/ruby-2.3.0/gems/actionpack-5.0.6/lib/action_dispatch/middleware/templates/rescues/_trace.html.erb (1.6ms)
  Rendered /Users/ricknjns/.rvm/gems/ruby-2.3.0/gems/actionpack-5.0.6/lib/action_dispatch/middleware/templates/rescues/_trace.html.erb (1.4ms)
  Rendering /Users/ricknjns/.rvm/gems/ruby-2.3.0/gems/actionpack-5.0.6/lib/action_dispatch/middleware/templates/rescues/_request_and_response.html.erb
  Rendered /Users/ricknjns/.rvm/gems/ruby-2.3.0/gems/actionpack-5.0.6/lib/action_dispatch/middleware/templates/rescues/_request_and_response.html.erb (1.2ms)
  Rendered /Users/ricknjns/.rvm/gems/ruby-2.3.0/gems/actionpack-5.0.6/lib/action_dispatch/middleware/templates/rescues/template_error.html.erb within rescues/layout (205.4ms)
  Rendering /Users/ricknjns/.rvm/gems/ruby-2.3.0/gems/actionpack-5.0.6/lib/action_dispatch/middleware/templates/rescues/_request_and_response.html.erb
  Rendered /Users/ricknjns/.rvm/gems/ruby-2.3.0/gems/actionpack-5.0.6/lib/action_dispatch/middleware/templates/rescues/_request_and_response.html.erb (0.7ms)
  Rendered /Users/ricknjns/.rvm/gems/ruby-2.3.0/gems/actionpack-5.0.6/lib/action_dispatch/middleware/templates/rescues/template_error.html.erb within rescues/layout (166.4ms)
Started GET "/" for 127.0.0.1 at 2018-06-18 23:40:04 -0400
Processing by StoreController#index as HTML
  [1m[36mCart Load (0.2ms)[0m  [1m[34mSELECT  "carts".* FROM "carts" WHERE "carts"."id" = $1 LIMIT $2[0m  [["id", 58], ["LIMIT", 1]]
  Rendering store/index.html.erb within layouts/application
  [1m[36mProduct Load (0.4ms)[0m  [1m[34mSELECT "products".* FROM "products" ORDER BY "products"."title" ASC[0m
  Rendered store/index.html.erb within layouts/application (8.8ms)
Completed 500 Internal Server Error in 408ms (ActiveRecord: 0.8ms)


  
ActionView::Template::Error (
        WebpackerLite can't find the manifest file: /Users/ricknjns/Desktop/Ruby/depot/public/webpack/development/manifest.json
        Possible causes:
          1. You have not invoked webpack.
          2. You have misconfigured WebpackerLite's config/webpacker_lite.yml file.
          3. Your Webpack configuration is not creating a manifest.
):
     6:   <%= csrf_meta_tags %>
     7:     <%= stylesheet_link_tag 'application', media: 'all' %>
     8:       <%= javascript_include_tag 'application' %>
     9:       <%= javascript_pack_tag "application", "data-turbolinks-track": "reload" %>
    10: </head>
    11: 
    12: <body class="<%=controller.controller_name %>">
  
app/views/layouts/application.html.erb:9:in `_app_views_layouts_application_html_erb___2152940725194774756_70307648449640'
  Rendering /Users/ricknjns/.rvm/gems/ruby-2.3.0/gems/actionpack-5.0.6/lib/action_dispatch/middleware/templates/rescues/template_error.html.erb within rescues/layout
  Rendering /Users/ricknjns/.rvm/gems/ruby-2.3.0/gems/actionpack-5.0.6/lib/action_dispatch/middleware/templates/rescues/_source.html.erb
  Rendered /Users/ricknjns/.rvm/gems/ruby-2.3.0/gems/actionpack-5.0.6/lib/action_dispatch/middleware/templates/rescues/_source.html.erb (4.3ms)
  Rendering /Users/ricknjns/.rvm/gems/ruby-2.3.0/gems/actionpack-5.0.6/lib/action_dispatch/middleware/templates/rescues/_trace.html.erb
  Rendered /Users/ricknjns/.rvm/gems/ruby-2.3.0/gems/actionpack-5.0.6/lib/action_dispatch/middleware/templates/rescues/_trace.html.erb (1.6ms)
  Rendering /Users/ricknjns/.rvm/gems/ruby-2.3.0/gems/actionpack-5.0.6/lib/action_dispatch/middleware/templates/rescues/_request_and_response.html.erb
  Rendered /Users/ricknjns/.rvm/gems/ruby-2.3.0/gems/actionpack-5.0.6/lib/action_dispatch/middleware/templates/rescues/_request_and_response.html.erb (0.9ms)
  Rendered /Users/ricknjns/.rvm/gems/ruby-2.3.0/gems/actionpack-5.0.6/lib/action_dispatch/middleware/templates/rescues/template_error.html.erb within rescues/layout (87.1ms)
Started GET "/" for 127.0.0.1 at 2018-06-18 23:51:55 -0400
  [1m[36mActiveRecord::SchemaMigration Load (0.4ms)[0m  [1m[34mSELECT "schema_migrations".* FROM "schema_migrations"[0m
Processing by StoreController#index as HTML
  [1m[36mCart Load (0.3ms)[0m  [1m[34mSELECT  "carts".* FROM "carts" WHERE "carts"."id" = $1 LIMIT $2[0m  [["id", 58], ["LIMIT", 1]]
  Rendering store/index.html.erb within layouts/application
  [1m[36mProduct Load (1.1ms)[0m  [1m[34mSELECT "products".* FROM "products" ORDER BY "products"."title" ASC[0m
  Rendered store/index.html.erb within layouts/application (530.4ms)
Completed 500 Internal Server Error in 1127ms (ActiveRecord: 6.9ms)


  
ActionView::Template::Error (
        WebpackerLite can't find the manifest file: /Users/ricknjns/Desktop/Ruby/depot/public/webpack/development/manifest.json
        Possible causes:
          1. You have not invoked webpack.
          2. You have misconfigured WebpackerLite's config/webpacker_lite.yml file.
          3. Your Webpack configuration is not creating a manifest.
):
     6:   <%= csrf_meta_tags %>
     7:     <%= stylesheet_link_tag 'application', media: 'all' %>
     8:       <%= javascript_include_tag 'application' %>
     9:       <%= javascript_pack_tag "application", "data-turbolinks-track": "reload" %>
    10: </head>
    11: 
    12: <body class="<%=controller.controller_name %>">
  
app/views/layouts/application.html.erb:9:in `_app_views_layouts_application_html_erb___891378621126478344_70228340803980'
  Rendering /Users/ricknjns/.rvm/gems/ruby-2.3.0/gems/actionpack-5.0.6/lib/action_dispatch/middleware/templates/rescues/template_error.html.erb within rescues/layout
  Rendering /Users/ricknjns/.rvm/gems/ruby-2.3.0/gems/actionpack-5.0.6/lib/action_dispatch/middleware/templates/rescues/_source.html.erb
  Rendered /Users/ricknjns/.rvm/gems/ruby-2.3.0/gems/actionpack-5.0.6/lib/action_dispatch/middleware/templates/rescues/_source.html.erb (3.9ms)
  Rendering /Users/ricknjns/.rvm/gems/ruby-2.3.0/gems/actionpack-5.0.6/lib/action_dispatch/middleware/templates/rescues/_trace.html.erb
  Rendered /Users/ricknjns/.rvm/gems/ruby-2.3.0/gems/actionpack-5.0.6/lib/action_dispatch/middleware/templates/rescues/_trace.html.erb (5.4ms)
  Rendering /Users/ricknjns/.rvm/gems/ruby-2.3.0/gems/actionpack-5.0.6/lib/action_dispatch/middleware/templates/rescues/_request_and_response.html.erb
  Rendered /Users/ricknjns/.rvm/gems/ruby-2.3.0/gems/actionpack-5.0.6/lib/action_dispatch/middleware/templates/rescues/_request_and_response.html.erb (1.1ms)
  Rendered /Users/ricknjns/.rvm/gems/ruby-2.3.0/gems/actionpack-5.0.6/lib/action_dispatch/middleware/templates/rescues/template_error.html.erb within rescues/layout (136.5ms)
Started GET "/" for 127.0.0.1 at 2018-06-19 00:05:57 -0400
  [1m[36mActiveRecord::SchemaMigration Load (0.5ms)[0m  [1m[34mSELECT "schema_migrations".* FROM "schema_migrations"[0m
Processing by StoreController#index as HTML
  [1m[36mCart Load (0.3ms)[0m  [1m[34mSELECT  "carts".* FROM "carts" WHERE "carts"."id" = $1 LIMIT $2[0m  [["id", 58], ["LIMIT", 1]]
  Rendering store/index.html.erb within layouts/application
  [1m[36mProduct Load (0.7ms)[0m  [1m[34mSELECT "products".* FROM "products" ORDER BY "products"."title" ASC[0m
  Rendered store/index.html.erb within layouts/application (488.2ms)
Completed 500 Internal Server Error in 1013ms (ActiveRecord: 7.1ms)


  
ActionView::Template::Error (
        WebpackerLite can't find the manifest file: /Users/ricknjns/Desktop/Ruby/depot/public/webpack/development/manifest.json
        Possible causes:
          1. You have not invoked webpack.
          2. You have misconfigured WebpackerLite's config/webpacker_lite.yml file.
          3. Your Webpack configuration is not creating a manifest.
):
     6:   <%= csrf_meta_tags %>
     7:     <%= stylesheet_link_tag 'application', media: 'all' %>
     8:       <%= javascript_include_tag 'application' %>
     9:       <%= javascript_pack_tag "application"%>
    10: </head>
    11: 
    12: <body class="<%=controller.controller_name %>">
  
app/views/layouts/application.html.erb:9:in `_app_views_layouts_application_html_erb__2807617515298306531_70187653203620'
  Rendering /Users/ricknjns/.rvm/gems/ruby-2.3.0/gems/actionpack-5.0.6/lib/action_dispatch/middleware/templates/rescues/template_error.html.erb within rescues/layout
  Rendering /Users/ricknjns/.rvm/gems/ruby-2.3.0/gems/actionpack-5.0.6/lib/action_dispatch/middleware/templates/rescues/_source.html.erb
  Rendered /Users/ricknjns/.rvm/gems/ruby-2.3.0/gems/actionpack-5.0.6/lib/action_dispatch/middleware/templates/rescues/_source.html.erb (5.3ms)
  Rendering /Users/ricknjns/.rvm/gems/ruby-2.3.0/gems/actionpack-5.0.6/lib/action_dispatch/middleware/templates/rescues/_trace.html.erb
  Rendered /Users/ricknjns/.rvm/gems/ruby-2.3.0/gems/actionpack-5.0.6/lib/action_dispatch/middleware/templates/rescues/_trace.html.erb (2.3ms)
  Rendering /Users/ricknjns/.rvm/gems/ruby-2.3.0/gems/actionpack-5.0.6/lib/action_dispatch/middleware/templates/rescues/_request_and_response.html.erb
  Rendered /Users/ricknjns/.rvm/gems/ruby-2.3.0/gems/actionpack-5.0.6/lib/action_dispatch/middleware/templates/rescues/_request_and_response.html.erb (0.7ms)
  Rendered /Users/ricknjns/.rvm/gems/ruby-2.3.0/gems/actionpack-5.0.6/lib/action_dispatch/middleware/templates/rescues/template_error.html.erb within rescues/layout (136.1ms)
Started GET "/" for 127.0.0.1 at 2018-06-19 00:19:15 -0400
Processing by StoreController#index as HTML
  [1m[36mCart Load (0.9ms)[0m  [1m[34mSELECT  "carts".* FROM "carts" WHERE "carts"."id" = $1 LIMIT $2[0m  [["id", 58], ["LIMIT", 1]]
  Rendering store/index.html.erb within layouts/application
  [1m[36mProduct Load (0.8ms)[0m  [1m[34mSELECT "products".* FROM "products" ORDER BY "products"."title" ASC[0m
  Rendered store/index.html.erb within layouts/application (9.4ms)
Completed 500 Internal Server Error in 357ms (ActiveRecord: 1.7ms)


  
ActionView::Template::Error (
        WebpackerLite can't find the manifest file: /Users/ricknjns/Desktop/Ruby/depot/public/webpack/development/manifest.json
        Possible causes:
          1. You have not invoked webpack.
          2. You have misconfigured WebpackerLite's config/webpacker_lite.yml file.
          3. Your Webpack configuration is not creating a manifest.
):
     6:   <%= csrf_meta_tags %>
     7:     <%= stylesheet_link_tag 'application', media: 'all' %>
     8:       <%= javascript_include_tag 'application' %>
     9:       <%= javascript_pack_tag 'application'%>
    10: </head>
    11: 
    12: <body class="<%=controller.controller_name %>">
  
app/views/layouts/application.html.erb:9:in `_app_views_layouts_application_html_erb__2807617515298306531_70187633270980'
  Rendering /Users/ricknjns/.rvm/gems/ruby-2.3.0/gems/actionpack-5.0.6/lib/action_dispatch/middleware/templates/rescues/template_error.html.erb within rescues/layout
  Rendering /Users/ricknjns/.rvm/gems/ruby-2.3.0/gems/actionpack-5.0.6/lib/action_dispatch/middleware/templates/rescues/_source.html.erb
  Rendered /Users/ricknjns/.rvm/gems/ruby-2.3.0/gems/actionpack-5.0.6/lib/action_dispatch/middleware/templates/rescues/_source.html.erb (4.8ms)
  Rendering /Users/ricknjns/.rvm/gems/ruby-2.3.0/gems/actionpack-5.0.6/lib/action_dispatch/middleware/templates/rescues/_trace.html.erb
  Rendered /Users/ricknjns/.rvm/gems/ruby-2.3.0/gems/actionpack-5.0.6/lib/action_dispatch/middleware/templates/rescues/_trace.html.erb (2.8ms)
  Rendering /Users/ricknjns/.rvm/gems/ruby-2.3.0/gems/actionpack-5.0.6/lib/action_dispatch/middleware/templates/rescues/_request_and_response.html.erb
  Rendered /Users/ricknjns/.rvm/gems/ruby-2.3.0/gems/actionpack-5.0.6/lib/action_dispatch/middleware/templates/rescues/_request_and_response.html.erb (1.4ms)
  Rendered /Users/ricknjns/.rvm/gems/ruby-2.3.0/gems/actionpack-5.0.6/lib/action_dispatch/middleware/templates/rescues/template_error.html.erb within rescues/layout (114.4ms)
Started GET "/" for 127.0.0.1 at 2018-06-19 00:23:39 -0400
  [1m[36mActiveRecord::SchemaMigration Load (0.5ms)[0m  [1m[34mSELECT "schema_migrations".* FROM "schema_migrations"[0m
Processing by StoreController#index as HTML
  [1m[36mCart Load (0.3ms)[0m  [1m[34mSELECT  "carts".* FROM "carts" WHERE "carts"."id" = $1 LIMIT $2[0m  [["id", 58], ["LIMIT", 1]]
  Rendering store/index.html.erb within layouts/application
  [1m[36mProduct Load (0.7ms)[0m  [1m[34mSELECT "products".* FROM "products" ORDER BY "products"."title" ASC[0m
  Rendered store/index.html.erb within layouts/application (444.9ms)
Completed 500 Internal Server Error in 959ms (ActiveRecord: 7.4ms)


  
ActionView::Template::Error (
        WebpackerLite can't find the manifest file: /Users/ricknjns/Desktop/Ruby/depot/public/webpack/development/manifest.json
        Possible causes:
          1. You have not invoked webpack.
          2. You have misconfigured WebpackerLite's config/webpacker_lite.yml file.
          3. Your Webpack configuration is not creating a manifest.
):
     6:   <%= csrf_meta_tags %>
     7:     <%= stylesheet_link_tag 'application', media: 'all' %>
     8:       <%= javascript_include_tag 'application' %>
     9:       <%= javascript_pack_tag 'application'%>
    10: </head>
    11: 
    12: <body class="<%=controller.controller_name %>">
  
app/views/layouts/application.html.erb:9:in `_app_views_layouts_application_html_erb___4060102743949361757_70202690952920'
  Rendering /Users/ricknjns/.rvm/gems/ruby-2.3.0/gems/actionpack-5.0.6/lib/action_dispatch/middleware/templates/rescues/template_error.html.erb within rescues/layout
  Rendering /Users/ricknjns/.rvm/gems/ruby-2.3.0/gems/actionpack-5.0.6/lib/action_dispatch/middleware/templates/rescues/_source.html.erb
  Rendered /Users/ricknjns/.rvm/gems/ruby-2.3.0/gems/actionpack-5.0.6/lib/action_dispatch/middleware/templates/rescues/_source.html.erb (4.3ms)
  Rendering /Users/ricknjns/.rvm/gems/ruby-2.3.0/gems/actionpack-5.0.6/lib/action_dispatch/middleware/templates/rescues/_trace.html.erb
  Rendered /Users/ricknjns/.rvm/gems/ruby-2.3.0/gems/actionpack-5.0.6/lib/action_dispatch/middleware/templates/rescues/_trace.html.erb (3.4ms)
  Rendering /Users/ricknjns/.rvm/gems/ruby-2.3.0/gems/actionpack-5.0.6/lib/action_dispatch/middleware/templates/rescues/_request_and_response.html.erb
  Rendered /Users/ricknjns/.rvm/gems/ruby-2.3.0/gems/actionpack-5.0.6/lib/action_dispatch/middleware/templates/rescues/_request_and_response.html.erb (10.6ms)
  Rendered /Users/ricknjns/.rvm/gems/ruby-2.3.0/gems/actionpack-5.0.6/lib/action_dispatch/middleware/templates/rescues/template_error.html.erb within rescues/layout (116.4ms)
Started GET "/" for 127.0.0.1 at 2018-06-19 00:23:44 -0400
Processing by StoreController#index as HTML
  [1m[36mCart Load (0.7ms)[0m  [1m[34mSELECT  "carts".* FROM "carts" WHERE "carts"."id" = $1 LIMIT $2[0m  [["id", 58], ["LIMIT", 1]]
  Rendering store/index.html.erb within layouts/application
  [1m[36mProduct Load (0.7ms)[0m  [1m[34mSELECT "products".* FROM "products" ORDER BY "products"."title" ASC[0m
  Rendered store/index.html.erb within layouts/application (9.7ms)
Completed 500 Internal Server Error in 289ms (ActiveRecord: 1.4ms)


  
ActionView::Template::Error (
        WebpackerLite can't find the manifest file: /Users/ricknjns/Desktop/Ruby/depot/public/webpack/development/manifest.json
        Possible causes:
          1. You have not invoked webpack.
          2. You have misconfigured WebpackerLite's config/webpacker_lite.yml file.
          3. Your Webpack configuration is not creating a manifest.
):
     6:   <%= csrf_meta_tags %>
     7:     <%= stylesheet_link_tag 'application', media: 'all' %>
     8:       <%= javascript_include_tag 'application' %>
     9:       <%= javascript_pack_tag 'application'%>
    10: </head>
    11: 
    12: <body class="<%=controller.controller_name %>">
  
app/views/layouts/application.html.erb:9:in `_app_views_layouts_application_html_erb___4060102743949361757_70202726437900'
  Rendering /Users/ricknjns/.rvm/gems/ruby-2.3.0/gems/actionpack-5.0.6/lib/action_dispatch/middleware/templates/rescues/template_error.html.erb within rescues/layout
  Rendering /Users/ricknjns/.rvm/gems/ruby-2.3.0/gems/actionpack-5.0.6/lib/action_dispatch/middleware/templates/rescues/_source.html.erb
  Rendered /Users/ricknjns/.rvm/gems/ruby-2.3.0/gems/actionpack-5.0.6/lib/action_dispatch/middleware/templates/rescues/_source.html.erb (4.8ms)
  Rendering /Users/ricknjns/.rvm/gems/ruby-2.3.0/gems/actionpack-5.0.6/lib/action_dispatch/middleware/templates/rescues/_trace.html.erb
  Rendered /Users/ricknjns/.rvm/gems/ruby-2.3.0/gems/actionpack-5.0.6/lib/action_dispatch/middleware/templates/rescues/_trace.html.erb (2.0ms)
  Rendering /Users/ricknjns/.rvm/gems/ruby-2.3.0/gems/actionpack-5.0.6/lib/action_dispatch/middleware/templates/rescues/_request_and_response.html.erb
  Rendered /Users/ricknjns/.rvm/gems/ruby-2.3.0/gems/actionpack-5.0.6/lib/action_dispatch/middleware/templates/rescues/_request_and_response.html.erb (1.0ms)
  Rendered /Users/ricknjns/.rvm/gems/ruby-2.3.0/gems/actionpack-5.0.6/lib/action_dispatch/middleware/templates/rescues/template_error.html.erb within rescues/layout (98.2ms)
Started GET "/" for 127.0.0.1 at 2018-06-19 10:49:04 -0400
  [1m[36mActiveRecord::SchemaMigration Load (12.2ms)[0m  [1m[34mSELECT "schema_migrations".* FROM "schema_migrations"[0m
Processing by StoreController#index as HTML
  [1m[36mCart Load (17.1ms)[0m  [1m[34mSELECT  "carts".* FROM "carts" WHERE "carts"."id" = $1 LIMIT $2[0m  [["id", 58], ["LIMIT", 1]]
  Rendering store/index.html.erb within layouts/application
  [1m[36mProduct Load (8.5ms)[0m  [1m[34mSELECT "products".* FROM "products" ORDER BY "products"."title" ASC[0m
  Rendered store/index.html.erb within layouts/application (611.8ms)
  [1m[36mLineItem Exists (22.7ms)[0m  [1m[34mSELECT  1 AS one FROM "line_items" WHERE "line_items"."cart_id" = $1 LIMIT $2[0m  [["cart_id", 58], ["LIMIT", 1]]
  [1m[36mLineItem Load (0.2ms)[0m  [1m[34mSELECT "line_items".* FROM "line_items" WHERE "line_items"."cart_id" = $1[0m  [["cart_id", 58]]
  Rendered collection of templates [0 times] (0.0ms)
  Rendered carts/_cart.html.erb (4.7ms)
Completed 500 Internal Server Error in 1615ms (ActiveRecord: 75.8ms)


  
ActionView::Template::Error (undefined method `react_component' for #<#<Class:0x007fad8e0b1b78>:0x007fad8da28ab8>):
    34:             <%= link_to 'Line Items', new_line_item_path, class: "nav-link scroll" %>
    35:           </li>
    36:         </ul>
    37:         <%= react_component 'HelloWorld' %>
    38:       </div>
    39:       <div id="main">
    40:         <%= yield %>
  
app/views/layouts/application.html.erb:37:in `_app_views_layouts_application_html_erb___4399362057918602563_70191694878040'
  Rendering /Users/ricknjns/.rvm/gems/ruby-2.3.0/gems/actionpack-5.0.6/lib/action_dispatch/middleware/templates/rescues/template_error.html.erb within rescues/layout
  Rendering /Users/ricknjns/.rvm/gems/ruby-2.3.0/gems/actionpack-5.0.6/lib/action_dispatch/middleware/templates/rescues/_source.html.erb
  Rendered /Users/ricknjns/.rvm/gems/ruby-2.3.0/gems/actionpack-5.0.6/lib/action_dispatch/middleware/templates/rescues/_source.html.erb (4.8ms)
  Rendering /Users/ricknjns/.rvm/gems/ruby-2.3.0/gems/actionpack-5.0.6/lib/action_dispatch/middleware/templates/rescues/_trace.html.erb
  Rendered /Users/ricknjns/.rvm/gems/ruby-2.3.0/gems/actionpack-5.0.6/lib/action_dispatch/middleware/templates/rescues/_trace.html.erb (2.5ms)
  Rendering /Users/ricknjns/.rvm/gems/ruby-2.3.0/gems/actionpack-5.0.6/lib/action_dispatch/middleware/templates/rescues/_request_and_response.html.erb
  Rendered /Users/ricknjns/.rvm/gems/ruby-2.3.0/gems/actionpack-5.0.6/lib/action_dispatch/middleware/templates/rescues/_request_and_response.html.erb (1.0ms)
  Rendered /Users/ricknjns/.rvm/gems/ruby-2.3.0/gems/actionpack-5.0.6/lib/action_dispatch/middleware/templates/rescues/template_error.html.erb within rescues/layout (83.2ms)
Started GET "/" for 127.0.0.1 at 2018-06-19 10:49:52 -0400
Processing by StoreController#index as HTML
  [1m[36mCart Load (0.8ms)[0m  [1m[34mSELECT  "carts".* FROM "carts" WHERE "carts"."id" = $1 LIMIT $2[0m  [["id", 58], ["LIMIT", 1]]
  Rendering store/index.html.erb within layouts/application
  [1m[36mProduct Load (0.8ms)[0m  [1m[34mSELECT "products".* FROM "products" ORDER BY "products"."title" ASC[0m
  Rendered store/index.html.erb within layouts/application (11.9ms)
  [1m[36mLineItem Exists (0.5ms)[0m  [1m[34mSELECT  1 AS one FROM "line_items" WHERE "line_items"."cart_id" = $1 LIMIT $2[0m  [["cart_id", 58], ["LIMIT", 1]]
  [1m[36mLineItem Load (0.6ms)[0m  [1m[34mSELECT "line_items".* FROM "line_items" WHERE "line_items"."cart_id" = $1[0m  [["cart_id", 58]]
  Rendered collection of templates [0 times] (0.0ms)
  Rendered carts/_cart.html.erb (4.1ms)
Completed 200 OK in 422ms (Views: 415.7ms | ActiveRecord: 2.7ms)


Started GET "/products/new" for 127.0.0.1 at 2018-06-19 10:49:59 -0400
  
SyntaxError (/Users/ricknjns/Desktop/Ruby/depot/app/controllers/products_controller.rb:9: syntax error, unexpected <<, expecting keyword_end
<<<<<<< HEAD
  ^
/Users/ricknjns/Desktop/Ruby/depot/app/controllers/products_controller.rb:14: syntax error, unexpected ===, expecting keyword_end
=======
   ^
/Users/ricknjns/Desktop/Ruby/depot/app/controllers/products_controller.rb:16: syntax error, unexpected >>, expecting keyword_end
>>>>>>> parent of 959c669... jbuilder
  ^
/Users/ricknjns/Desktop/Ruby/depot/app/controllers/products_controller.rb:16: syntax error, unexpected tIDENTIFIER, expecting keyword_end
>>>>>>> parent of 959c669... jbuilder
                         ^
/Users/ricknjns/Desktop/Ruby/depot/app/controllers/products_controller.rb:17: syntax error, unexpected ===, expecting keyword_end
=======
   ^
/Users/ricknjns/Desktop/Ruby/depot/app/controllers/products_controller.rb:19: syntax error, unexpected >>, expecting keyword_end
>>>>>>> parent of 959c669... jbuilder
  ^
/Users/ricknjns/Desktop/Ruby/depot/app/controllers/products_controller.rb:19: syntax error, unexpected tIDENTIFIER, expecting keyword_end
>>>>>>> parent of 959c669... jbuilder
                         ^
/Users/ricknjns/Desktop/Ruby/depot/app/controllers/products_controller.rb:20: syntax error, unexpected ===, expecting keyword_end
=======
   ^
/Users/ricknjns/Desktop/Ruby/depot/app/controllers/products_controller.rb:22: syntax error, unexpected >>, expecting keyword_end
>>>>>>> parent of 959c669... jbuilder
  ^
/Users/ricknjns/Desktop/Ruby/depot/app/controllers/products_controller.rb:22: syntax error, unexpected tIDENTIFIER, expecting keyword_end
>>>>>>> parent of 959c669... jbuilder
                         ^
/Users/ricknjns/Desktop/Ruby/depot/app/controllers/products_controller.rb:23: syntax error, unexpected ===, expecting keyword_end
=======
   ^
/Users/ricknjns/Desktop/Ruby/depot/app/controllers/products_controller.rb:25: syntax error, unexpected >>, expecting keyword_end
>>>>>>> parent of 959c669... jbuilder
  ^
/Users/ricknjns/Desktop/Ruby/depot/app/controllers/products_controller.rb:25: syntax error, unexpected tIDENTIFIER, expecting keyword_end
>>>>>>> parent of 959c669... jbuilder
                         ^):
  
app/controllers/products_controller.rb:9: syntax error, unexpected <<, expecting keyword_end
app/controllers/products_controller.rb:14: syntax error, unexpected ===, expecting keyword_end
app/controllers/products_controller.rb:16: syntax error, unexpected >>, expecting keyword_end
app/controllers/products_controller.rb:16: syntax error, unexpected tIDENTIFIER, expecting keyword_end
app/controllers/products_controller.rb:17: syntax error, unexpected ===, expecting keyword_end
app/controllers/products_controller.rb:19: syntax error, unexpected >>, expecting keyword_end
app/controllers/products_controller.rb:19: syntax error, unexpected tIDENTIFIER, expecting keyword_end
app/controllers/products_controller.rb:20: syntax error, unexpected ===, expecting keyword_end
app/controllers/products_controller.rb:22: syntax error, unexpected >>, expecting keyword_end
app/controllers/products_controller.rb:22: syntax error, unexpected tIDENTIFIER, expecting keyword_end
app/controllers/products_controller.rb:23: syntax error, unexpected ===, expecting keyword_end
app/controllers/products_controller.rb:25: syntax error, unexpected >>, expecting keyword_end
app/controllers/products_controller.rb:25: syntax error, unexpected tIDENTIFIER, expecting keyword_end
  Rendering /Users/ricknjns/.rvm/gems/ruby-2.3.0/gems/actionpack-5.0.6/lib/action_dispatch/middleware/templates/rescues/diagnostics.html.erb within rescues/layout
  Rendering /Users/ricknjns/.rvm/gems/ruby-2.3.0/gems/actionpack-5.0.6/lib/action_dispatch/middleware/templates/rescues/_source.html.erb
  Rendered /Users/ricknjns/.rvm/gems/ruby-2.3.0/gems/actionpack-5.0.6/lib/action_dispatch/middleware/templates/rescues/_source.html.erb (2.5ms)
  Rendering /Users/ricknjns/.rvm/gems/ruby-2.3.0/gems/actionpack-5.0.6/lib/action_dispatch/middleware/templates/rescues/_trace.html.erb
  Rendered /Users/ricknjns/.rvm/gems/ruby-2.3.0/gems/actionpack-5.0.6/lib/action_dispatch/middleware/templates/rescues/_trace.html.erb (2.6ms)
  Rendering /Users/ricknjns/.rvm/gems/ruby-2.3.0/gems/actionpack-5.0.6/lib/action_dispatch/middleware/templates/rescues/_request_and_response.html.erb
  Rendered /Users/ricknjns/.rvm/gems/ruby-2.3.0/gems/actionpack-5.0.6/lib/action_dispatch/middleware/templates/rescues/_request_and_response.html.erb (0.9ms)
  Rendered /Users/ricknjns/.rvm/gems/ruby-2.3.0/gems/actionpack-5.0.6/lib/action_dispatch/middleware/templates/rescues/diagnostics.html.erb within rescues/layout (71.5ms)
Started GET "/products/new" for 127.0.0.1 at 2018-06-19 10:51:02 -0400
Processing by ProductsController#new as HTML
  Rendering products/new.html.erb within layouts/application
  Rendered products/_form.html.erb (78.6ms)
  Rendered products/new.html.erb within layouts/application (226.8ms)
Completed 500 Internal Server Error in 241ms (ActiveRecord: 0.0ms)


  
ActionView::Template::Error (undefined method `react_component' for #<#<Class:0x007fad92383f28>:0x007fad92382cb8>):
    13:   </div>
    14: </div>
    15: 
    16: <%= react_component("HelloWorld", { greeting: "Hello" }) %>
  
app/views/products/new.html.erb:16:in `_app_views_products_new_html_erb___1117025922193950154_70191695010260'
  Rendering /Users/ricknjns/.rvm/gems/ruby-2.3.0/gems/actionpack-5.0.6/lib/action_dispatch/middleware/templates/rescues/template_error.html.erb within rescues/layout
  Rendering /Users/ricknjns/.rvm/gems/ruby-2.3.0/gems/actionpack-5.0.6/lib/action_dispatch/middleware/templates/rescues/_source.html.erb
  Rendered /Users/ricknjns/.rvm/gems/ruby-2.3.0/gems/actionpack-5.0.6/lib/action_dispatch/middleware/templates/rescues/_source.html.erb (3.8ms)
  Rendering /Users/ricknjns/.rvm/gems/ruby-2.3.0/gems/actionpack-5.0.6/lib/action_dispatch/middleware/templates/rescues/_trace.html.erb
  Rendered /Users/ricknjns/.rvm/gems/ruby-2.3.0/gems/actionpack-5.0.6/lib/action_dispatch/middleware/templates/rescues/_trace.html.erb (2.1ms)
  Rendering /Users/ricknjns/.rvm/gems/ruby-2.3.0/gems/actionpack-5.0.6/lib/action_dispatch/middleware/templates/rescues/_request_and_response.html.erb
  Rendered /Users/ricknjns/.rvm/gems/ruby-2.3.0/gems/actionpack-5.0.6/lib/action_dispatch/middleware/templates/rescues/_request_and_response.html.erb (0.8ms)
  Rendered /Users/ricknjns/.rvm/gems/ruby-2.3.0/gems/actionpack-5.0.6/lib/action_dispatch/middleware/templates/rescues/template_error.html.erb within rescues/layout (71.5ms)
Started GET "/products/new" for 127.0.0.1 at 2018-06-19 10:51:41 -0400
Processing by ProductsController#new as HTML
  Rendering products/new.html.erb within layouts/application
  Rendered products/_form.html.erb (7.2ms)
  Rendered products/new.html.erb within layouts/application (9.6ms)
Completed 200 OK in 390ms (Views: 388.0ms | ActiveRecord: 0.0ms)


Started GET "/products/new" for 127.0.0.1 at 2018-06-19 20:18:47 -0400
Processing by ProductsController#new as HTML
  Rendering products/new.html.erb within layouts/application
  Rendered products/_form.html.erb (32.6ms)
  Rendered products/new.html.erb within layouts/application (40.8ms)
Completed 200 OK in 761ms (Views: 743.1ms | ActiveRecord: 0.0ms)


Started GET "/products/new" for 127.0.0.1 at 2018-06-19 21:49:25 -0400
Processing by ProductsController#new as HTML
  Rendering products/new.html.erb within layouts/application
  Rendered products/_form.html.erb (46.3ms)
  Rendered products/new.html.erb within layouts/application (54.7ms)
Completed 200 OK in 656ms (Views: 639.5ms | ActiveRecord: 0.0ms)


  [1m[35m (24.9ms)[0m  [1m[34mSELECT pg_try_advisory_lock(6958702983027556635);[0m
  [1m[36mActiveRecord::SchemaMigration Load (0.5ms)[0m  [1m[34mSELECT "schema_migrations".* FROM "schema_migrations"[0m
Migrating to CreateFruits (20180620015854)
  [1m[35m (11.7ms)[0m  [1m[35mBEGIN[0m
  [1m[35m (72.7ms)[0m  [1m[35mCREATE TABLE "fruits" ("id" serial primary key, "name" character varying, "description" text, "created_at" timestamp NOT NULL, "updated_at" timestamp NOT NULL)[0m
  [1m[35mSQL (2.2ms)[0m  [1m[32mINSERT INTO "schema_migrations" ("version") VALUES ($1) RETURNING "version"[0m  [["version", "20180620015854"]]
  [1m[35m (79.9ms)[0m  [1m[35mCOMMIT[0m
  [1m[36mActiveRecord::InternalMetadata Load (2.0ms)[0m  [1m[34mSELECT  "ar_internal_metadata".* FROM "ar_internal_metadata" WHERE "ar_internal_metadata"."key" = $1 LIMIT $2[0m  [["key", "environment"], ["LIMIT", 1]]
  [1m[35m (0.1ms)[0m  [1m[35mBEGIN[0m
  [1m[35m (0.2ms)[0m  [1m[35mCOMMIT[0m
  [1m[35m (0.2ms)[0m  [1m[34mSELECT pg_advisory_unlock(6958702983027556635)[0m
  [1m[36mActiveRecord::SchemaMigration Load (0.2ms)[0m  [1m[34mSELECT "schema_migrations".* FROM "schema_migrations"[0m
  [1m[36mActiveRecord::SchemaMigration Load (0.4ms)[0m  [1m[34mSELECT "schema_migrations".* FROM "schema_migrations"[0m
  [1m[36mProduct Load (0.7ms)[0m  [1m[34mSELECT "products".* FROM "products"[0m
  [1m[35m (0.2ms)[0m  [1m[35mBEGIN[0m
  [1m[36mLineItem Exists (0.5ms)[0m  [1m[34mSELECT  1 AS one FROM "line_items" WHERE "line_items"."product_id" = $1 LIMIT $2[0m  [["product_id", 66], ["LIMIT", 1]]
  [1m[35mSQL (11.7ms)[0m  [1m[31mDELETE FROM "products" WHERE "products"."id" = $1[0m  [["id", 66]]
  [1m[35m (6.2ms)[0m  [1m[35mCOMMIT[0m
  [1m[35m (0.2ms)[0m  [1m[35mBEGIN[0m
  [1m[36mLineItem Exists (0.4ms)[0m  [1m[34mSELECT  1 AS one FROM "line_items" WHERE "line_items"."product_id" = $1 LIMIT $2[0m  [["product_id", 67], ["LIMIT", 1]]
  [1m[35mSQL (0.4ms)[0m  [1m[31mDELETE FROM "products" WHERE "products"."id" = $1[0m  [["id", 67]]
  [1m[35m (0.3ms)[0m  [1m[35mCOMMIT[0m
  [1m[35m (0.1ms)[0m  [1m[35mBEGIN[0m
  [1m[36mLineItem Exists (0.2ms)[0m  [1m[34mSELECT  1 AS one FROM "line_items" WHERE "line_items"."product_id" = $1 LIMIT $2[0m  [["product_id", 68], ["LIMIT", 1]]
  [1m[35mSQL (0.2ms)[0m  [1m[31mDELETE FROM "products" WHERE "products"."id" = $1[0m  [["id", 68]]
  [1m[35m (0.3ms)[0m  [1m[35mCOMMIT[0m
  [1m[35m (0.1ms)[0m  [1m[35mBEGIN[0m
  [1m[36mLineItem Exists (0.3ms)[0m  [1m[34mSELECT  1 AS one FROM "line_items" WHERE "line_items"."product_id" = $1 LIMIT $2[0m  [["product_id", 69], ["LIMIT", 1]]
  [1m[35mSQL (0.3ms)[0m  [1m[31mDELETE FROM "products" WHERE "products"."id" = $1[0m  [["id", 69]]
  [1m[35m (0.3ms)[0m  [1m[35mCOMMIT[0m
  [1m[35m (0.1ms)[0m  [1m[35mBEGIN[0m
  [1m[36mLineItem Exists (0.2ms)[0m  [1m[34mSELECT  1 AS one FROM "line_items" WHERE "line_items"."product_id" = $1 LIMIT $2[0m  [["product_id", 70], ["LIMIT", 1]]
  [1m[35mSQL (0.3ms)[0m  [1m[31mDELETE FROM "products" WHERE "products"."id" = $1[0m  [["id", 70]]
  [1m[35m (0.4ms)[0m  [1m[35mCOMMIT[0m
  [1m[35m (0.1ms)[0m  [1m[35mBEGIN[0m
  [1m[36mLineItem Exists (0.2ms)[0m  [1m[34mSELECT  1 AS one FROM "line_items" WHERE "line_items"."product_id" = $1 LIMIT $2[0m  [["product_id", 71], ["LIMIT", 1]]
  [1m[35mSQL (0.2ms)[0m  [1m[31mDELETE FROM "products" WHERE "products"."id" = $1[0m  [["id", 71]]
  [1m[35m (0.3ms)[0m  [1m[35mCOMMIT[0m
  [1m[35m (0.1ms)[0m  [1m[35mBEGIN[0m
  [1m[36mProduct Exists (0.5ms)[0m  [1m[34mSELECT  1 AS one FROM "products" WHERE "products"."title" = $1 LIMIT $2[0m  [["title", "Ant-Man"], ["LIMIT", 1]]
  [1m[35mSQL (23.4ms)[0m  [1m[32mINSERT INTO "products" ("title", "description", "image_url", "price", "created_at", "updated_at", "supplier", "color") VALUES ($1, $2, $3, $4, $5, $6, $7, $8) RETURNING "id"[0m  [["title", "Ant-Man"], ["description", "Armed with the astonishing ability to shine"], ["image_url", "ruby.png"], ["price", "10.0"], ["created_at", "2018-06-15 02:05:01.078063"], ["updated_at", "2018-06-18 02:05:01.079724"], ["supplier", "Amazon"], ["color", "blue"]]
  [1m[35m (0.5ms)[0m  [1m[35mCOMMIT[0m
  [1m[35m (0.1ms)[0m  [1m[35mBEGIN[0m
  [1m[36mProduct Exists (0.3ms)[0m  [1m[34mSELECT  1 AS one FROM "products" WHERE "products"."title" = $1 LIMIT $2[0m  [["title", "Pixels"], ["LIMIT", 1]]
  [1m[35mSQL (0.3ms)[0m  [1m[32mINSERT INTO "products" ("title", "description", "image_url", "price", "created_at", "updated_at", "supplier", "color") VALUES ($1, $2, $3, $4, $5, $6, $7, $8) RETURNING "id"[0m  [["title", "Pixels"], ["description", "Armed with the astonishing ability to glow in the dark"], ["image_url", "ruby.png"], ["price", "11.0"], ["created_at", "2018-06-16 02:05:01.079816"], ["updated_at", "2018-06-17 02:05:01.079861"], ["supplier", "Amazon"], ["color", "white"]]
  [1m[35m (0.3ms)[0m  [1m[35mCOMMIT[0m
  [1m[35m (0.1ms)[0m  [1m[35mBEGIN[0m
  [1m[36mProduct Exists (0.2ms)[0m  [1m[34mSELECT  1 AS one FROM "products" WHERE "products"."title" = $1 LIMIT $2[0m  [["title", "Terminator Genisys"], ["LIMIT", 1]]
  [1m[35mSQL (0.3ms)[0m  [1m[32mINSERT INTO "products" ("title", "description", "image_url", "price", "created_at", "updated_at", "supplier", "color") VALUES ($1, $2, $3, $4, $5, $6, $7, $8) RETURNING "id"[0m  [["title", "Terminator Genisys"], ["description", "Armed with the astonishing ability to shine bright like a diamond"], ["image_url", "ruby.png"], ["price", "12.0"], ["created_at", "2018-06-10 02:05:01.079899"], ["updated_at", "2018-06-15 02:05:01.079934"], ["supplier", "Amazon"], ["color", "red"]]
  [1m[35m (0.4ms)[0m  [1m[35mCOMMIT[0m
  [1m[35m (0.2ms)[0m  [1m[34mSELECT COUNT(*) FROM "products"[0m
  [1m[35m (0.1ms)[0m  [1m[35mBEGIN[0m
  [1m[35mSQL (2.1ms)[0m  [1m[32mINSERT INTO "fruits" ("name", "description", "created_at", "updated_at") VALUES ($1, $2, $3, $4) RETURNING "id"[0m  [["name", "Mango"], ["description", "I am a delicious Mango."], ["created_at", "2018-06-20 02:05:01.129884"], ["updated_at", "2018-06-20 02:05:01.129884"]]
  [1m[35m (6.1ms)[0m  [1m[35mCOMMIT[0m
  [1m[35m (0.2ms)[0m  [1m[35mBEGIN[0m
  [1m[35mSQL (0.3ms)[0m  [1m[32mINSERT INTO "fruits" ("name", "description", "created_at", "updated_at") VALUES ($1, $2, $3, $4) RETURNING "id"[0m  [["name", "Pineapple"], ["description", "I am a delicious Pineapple."], ["created_at", "2018-06-20 02:05:01.140583"], ["updated_at", "2018-06-20 02:05:01.140583"]]
  [1m[35m (4.6ms)[0m  [1m[35mCOMMIT[0m
  [1m[35m (0.1ms)[0m  [1m[35mBEGIN[0m
  [1m[35mSQL (0.3ms)[0m  [1m[32mINSERT INTO "fruits" ("name", "description", "created_at", "updated_at") VALUES ($1, $2, $3, $4) RETURNING "id"[0m  [["name", "Passion fruit"], ["description", "I am a delicious Passion fruit."], ["created_at", "2018-06-20 02:05:01.147584"], ["updated_at", "2018-06-20 02:05:01.147584"]]
  [1m[35m (0.3ms)[0m  [1m[35mCOMMIT[0m
  [1m[35m (0.1ms)[0m  [1m[35mBEGIN[0m
  [1m[35mSQL (0.3ms)[0m  [1m[32mINSERT INTO "fruits" ("name", "description", "created_at", "updated_at") VALUES ($1, $2, $3, $4) RETURNING "id"[0m  [["name", "Dragonfruit"], ["description", "I am a delicious Dragonfruit."], ["created_at", "2018-06-20 02:05:01.151499"], ["updated_at", "2018-06-20 02:05:01.151499"]]
  [1m[35m (0.4ms)[0m  [1m[35mCOMMIT[0m
  [1m[36mActiveRecord::SchemaMigration Load (0.4ms)[0m  [1m[34mSELECT "schema_migrations".* FROM "schema_migrations"[0m
  [1m[36mProduct Load (0.5ms)[0m  [1m[34mSELECT "products".* FROM "products"[0m
  [1m[35m (0.1ms)[0m  [1m[35mBEGIN[0m
  [1m[36mLineItem Exists (0.4ms)[0m  [1m[34mSELECT  1 AS one FROM "line_items" WHERE "line_items"."product_id" = $1 LIMIT $2[0m  [["product_id", 72], ["LIMIT", 1]]
  [1m[35mSQL (0.4ms)[0m  [1m[31mDELETE FROM "products" WHERE "products"."id" = $1[0m  [["id", 72]]
  [1m[35m (1.1ms)[0m  [1m[35mCOMMIT[0m
  [1m[35m (0.1ms)[0m  [1m[35mBEGIN[0m
  [1m[36mLineItem Exists (0.2ms)[0m  [1m[34mSELECT  1 AS one FROM "line_items" WHERE "line_items"."product_id" = $1 LIMIT $2[0m  [["product_id", 73], ["LIMIT", 1]]
  [1m[35mSQL (0.2ms)[0m  [1m[31mDELETE FROM "products" WHERE "products"."id" = $1[0m  [["id", 73]]
  [1m[35m (0.4ms)[0m  [1m[35mCOMMIT[0m
  [1m[35m (0.1ms)[0m  [1m[35mBEGIN[0m
  [1m[36mLineItem Exists (0.3ms)[0m  [1m[34mSELECT  1 AS one FROM "line_items" WHERE "line_items"."product_id" = $1 LIMIT $2[0m  [["product_id", 74], ["LIMIT", 1]]
  [1m[35mSQL (0.2ms)[0m  [1m[31mDELETE FROM "products" WHERE "products"."id" = $1[0m  [["id", 74]]
  [1m[35m (0.3ms)[0m  [1m[35mCOMMIT[0m
  [1m[35m (0.1ms)[0m  [1m[35mBEGIN[0m
  [1m[36mProduct Exists (0.5ms)[0m  [1m[34mSELECT  1 AS one FROM "products" WHERE "products"."title" = $1 LIMIT $2[0m  [["title", "Ant-Man"], ["LIMIT", 1]]
  [1m[35mSQL (0.4ms)[0m  [1m[32mINSERT INTO "products" ("title", "description", "image_url", "price", "created_at", "updated_at", "supplier", "color") VALUES ($1, $2, $3, $4, $5, $6, $7, $8) RETURNING "id"[0m  [["title", "Ant-Man"], ["description", "Armed with the astonishing ability to shine"], ["image_url", "ruby.png"], ["price", "10.0"], ["created_at", "2018-06-15 02:05:28.199805"], ["updated_at", "2018-06-18 02:05:28.200019"], ["supplier", "Amazon"], ["color", "blue"]]
  [1m[35m (0.3ms)[0m  [1m[35mCOMMIT[0m
  [1m[35m (0.1ms)[0m  [1m[35mBEGIN[0m
  [1m[36mProduct Exists (0.2ms)[0m  [1m[34mSELECT  1 AS one FROM "products" WHERE "products"."title" = $1 LIMIT $2[0m  [["title", "Pixels"], ["LIMIT", 1]]
  [1m[35mSQL (0.3ms)[0m  [1m[32mINSERT INTO "products" ("title", "description", "image_url", "price", "created_at", "updated_at", "supplier", "color") VALUES ($1, $2, $3, $4, $5, $6, $7, $8) RETURNING "id"[0m  [["title", "Pixels"], ["description", "Armed with the astonishing ability to glow in the dark"], ["image_url", "ruby.png"], ["price", "11.0"], ["created_at", "2018-06-16 02:05:28.200069"], ["updated_at", "2018-06-17 02:05:28.200107"], ["supplier", "Amazon"], ["color", "white"]]
  [1m[35m (0.3ms)[0m  [1m[35mCOMMIT[0m
  [1m[35m (0.1ms)[0m  [1m[35mBEGIN[0m
  [1m[36mProduct Exists (0.2ms)[0m  [1m[34mSELECT  1 AS one FROM "products" WHERE "products"."title" = $1 LIMIT $2[0m  [["title", "Terminator Genisys"], ["LIMIT", 1]]
  [1m[35mSQL (0.2ms)[0m  [1m[32mINSERT INTO "products" ("title", "description", "image_url", "price", "created_at", "updated_at", "supplier", "color") VALUES ($1, $2, $3, $4, $5, $6, $7, $8) RETURNING "id"[0m  [["title", "Terminator Genisys"], ["description", "Armed with the astonishing ability to shine bright like a diamond"], ["image_url", "ruby.png"], ["price", "12.0"], ["created_at", "2018-06-10 02:05:28.200380"], ["updated_at", "2018-06-15 02:05:28.200417"], ["supplier", "Amazon"], ["color", "red"]]
  [1m[35m (0.3ms)[0m  [1m[35mCOMMIT[0m
  [1m[35m (0.2ms)[0m  [1m[34mSELECT COUNT(*) FROM "products"[0m
  [1m[35m (0.1ms)[0m  [1m[35mBEGIN[0m
  [1m[35mSQL (0.4ms)[0m  [1m[32mINSERT INTO "fruits" ("name", "description", "created_at", "updated_at") VALUES ($1, $2, $3, $4) RETURNING "id"[0m  [["name", "Mango"], ["description", "I am a delicious Mango."], ["created_at", "2018-06-20 02:05:28.223129"], ["updated_at", "2018-06-20 02:05:28.223129"]]
  [1m[35m (0.3ms)[0m  [1m[35mCOMMIT[0m
  [1m[35m (0.1ms)[0m  [1m[35mBEGIN[0m
  [1m[35mSQL (0.2ms)[0m  [1m[32mINSERT INTO "fruits" ("name", "description", "created_at", "updated_at") VALUES ($1, $2, $3, $4) RETURNING "id"[0m  [["name", "Pineapple"], ["description", "I am a delicious Pineapple."], ["created_at", "2018-06-20 02:05:28.225350"], ["updated_at", "2018-06-20 02:05:28.225350"]]
  [1m[35m (0.3ms)[0m  [1m[35mCOMMIT[0m
  [1m[35m (0.1ms)[0m  [1m[35mBEGIN[0m
  [1m[35mSQL (0.2ms)[0m  [1m[32mINSERT INTO "fruits" ("name", "description", "created_at", "updated_at") VALUES ($1, $2, $3, $4) RETURNING "id"[0m  [["name", "Passion fruit"], ["description", "I am a delicious Passion fruit."], ["created_at", "2018-06-20 02:05:28.227048"], ["updated_at", "2018-06-20 02:05:28.227048"]]
  [1m[35m (0.3ms)[0m  [1m[35mCOMMIT[0m
  [1m[35m (0.1ms)[0m  [1m[35mBEGIN[0m
  [1m[35mSQL (0.2ms)[0m  [1m[32mINSERT INTO "fruits" ("name", "description", "created_at", "updated_at") VALUES ($1, $2, $3, $4) RETURNING "id"[0m  [["name", "Dragonfruit"], ["description", "I am a delicious Dragonfruit."], ["created_at", "2018-06-20 02:05:28.228661"], ["updated_at", "2018-06-20 02:05:28.228661"]]
  [1m[35m (0.3ms)[0m  [1m[35mCOMMIT[0m
  [1m[35m (0.3ms)[0m  [1m[34mSELECT COUNT(*) FROM "fruits"[0m
Started GET "/api/v1/fruits.json" for 127.0.0.1 at 2018-06-19 22:19:08 -0400
  [1m[36mActiveRecord::SchemaMigration Load (1.4ms)[0m  [1m[34mSELECT "schema_migrations".* FROM "schema_migrations"[0m
Processing by Api::V1::FruitsController#index as JSON
  [1m[36mFruit Load (0.9ms)[0m  [1m[34mSELECT "fruits".* FROM "fruits"[0m
Completed 200 OK in 40ms (Views: 10.9ms | ActiveRecord: 8.4ms)


Started GET "/" for 127.0.0.1 at 2018-06-19 22:31:11 -0400
Started GET "/" for 127.0.0.1 at 2018-06-19 22:31:21 -0400
  
ActionController::RoutingError (uninitialized constant SiteController):
  
activesupport (5.0.6) lib/active_support/inflector/methods.rb:268:in `const_get'
activesupport (5.0.6) lib/active_support/inflector/methods.rb:268:in `block in constantize'
activesupport (5.0.6) lib/active_support/inflector/methods.rb:266:in `each'
activesupport (5.0.6) lib/active_support/inflector/methods.rb:266:in `inject'
activesupport (5.0.6) lib/active_support/inflector/methods.rb:266:in `constantize'
actionpack (5.0.6) lib/action_dispatch/http/request.rb:81:in `controller_class'
actionpack (5.0.6) lib/action_dispatch/routing/route_set.rb:44:in `controller'
actionpack (5.0.6) lib/action_dispatch/routing/route_set.rb:30:in `serve'
actionpack (5.0.6) lib/action_dispatch/journey/router.rb:39:in `block in serve'
actionpack (5.0.6) lib/action_dispatch/journey/router.rb:26:in `each'
actionpack (5.0.6) lib/action_dispatch/journey/router.rb:26:in `serve'
actionpack (5.0.6) lib/action_dispatch/routing/route_set.rb:727:in `call'
rack (2.0.4) lib/rack/etag.rb:25:in `call'
rack (2.0.4) lib/rack/conditional_get.rb:25:in `call'
rack (2.0.4) lib/rack/head.rb:12:in `call'
rack (2.0.4) lib/rack/session/abstract/id.rb:232:in `context'
rack (2.0.4) lib/rack/session/abstract/id.rb:226:in `call'
actionpack (5.0.6) lib/action_dispatch/middleware/cookies.rb:613:in `call'
activerecord (5.0.6) lib/active_record/migration.rb:553:in `call'
actionpack (5.0.6) lib/action_dispatch/middleware/callbacks.rb:38:in `block in call'
activesupport (5.0.6) lib/active_support/callbacks.rb:97:in `__run_callbacks__'
activesupport (5.0.6) lib/active_support/callbacks.rb:750:in `_run_call_callbacks'
activesupport (5.0.6) lib/active_support/callbacks.rb:90:in `run_callbacks'
actionpack (5.0.6) lib/action_dispatch/middleware/callbacks.rb:36:in `call'
actionpack (5.0.6) lib/action_dispatch/middleware/executor.rb:12:in `call'
actionpack (5.0.6) lib/action_dispatch/middleware/remote_ip.rb:79:in `call'
actionpack (5.0.6) lib/action_dispatch/middleware/debug_exceptions.rb:49:in `call'
web-console (3.5.1) lib/web_console/middleware.rb:135:in `call_app'
web-console (3.5.1) lib/web_console/middleware.rb:28:in `block in call'
web-console (3.5.1) lib/web_console/middleware.rb:18:in `catch'
web-console (3.5.1) lib/web_console/middleware.rb:18:in `call'
actionpack (5.0.6) lib/action_dispatch/middleware/show_exceptions.rb:31:in `call'
railties (5.0.6) lib/rails/rack/logger.rb:36:in `call_app'
railties (5.0.6) lib/rails/rack/logger.rb:24:in `block in call'
activesupport (5.0.6) lib/active_support/tagged_logging.rb:69:in `block in tagged'
activesupport (5.0.6) lib/active_support/tagged_logging.rb:26:in `tagged'
activesupport (5.0.6) lib/active_support/tagged_logging.rb:69:in `tagged'
railties (5.0.6) lib/rails/rack/logger.rb:24:in `call'
sprockets-rails (3.2.1) lib/sprockets/rails/quiet_assets.rb:13:in `call'
actionpack (5.0.6) lib/action_dispatch/middleware/request_id.rb:24:in `call'
rack (2.0.4) lib/rack/method_override.rb:22:in `call'
rack (2.0.4) lib/rack/runtime.rb:22:in `call'
activesupport (5.0.6) lib/active_support/cache/strategy/local_cache_middleware.rb:28:in `call'
actionpack (5.0.6) lib/action_dispatch/middleware/executor.rb:12:in `call'
actionpack (5.0.6) lib/action_dispatch/middleware/static.rb:136:in `call'
rack (2.0.4) lib/rack/sendfile.rb:111:in `call'
railties (5.0.6) lib/rails/engine.rb:522:in `call'
puma (3.11.3) lib/puma/configuration.rb:225:in `call'
puma (3.11.3) lib/puma/server.rb:624:in `handle_request'
puma (3.11.3) lib/puma/server.rb:438:in `process_client'
puma (3.11.3) lib/puma/server.rb:302:in `block in run'
puma (3.11.3) lib/puma/thread_pool.rb:120:in `block in spawn_thread'
  Rendering /Users/ricknjns/.rvm/gems/ruby-2.3.0/gems/actionpack-5.0.6/lib/action_dispatch/middleware/templates/rescues/routing_error.html.erb within rescues/layout
  Rendering /Users/ricknjns/.rvm/gems/ruby-2.3.0/gems/actionpack-5.0.6/lib/action_dispatch/middleware/templates/rescues/_trace.html.erb
  Rendered /Users/ricknjns/.rvm/gems/ruby-2.3.0/gems/actionpack-5.0.6/lib/action_dispatch/middleware/templates/rescues/_trace.html.erb (1.7ms)
  Rendered collection of /Users/ricknjns/.rvm/gems/ruby-2.3.0/gems/actionpack-5.0.6/lib/action_dispatch/middleware/templates/routes/_route.html.erb [42 times] (26.0ms)
  Rendered /Users/ricknjns/.rvm/gems/ruby-2.3.0/gems/actionpack-5.0.6/lib/action_dispatch/middleware/templates/routes/_table.html.erb (14.7ms)
  Rendering /Users/ricknjns/.rvm/gems/ruby-2.3.0/gems/actionpack-5.0.6/lib/action_dispatch/middleware/templates/rescues/_request_and_response.html.erb
  Rendered /Users/ricknjns/.rvm/gems/ruby-2.3.0/gems/actionpack-5.0.6/lib/action_dispatch/middleware/templates/rescues/_request_and_response.html.erb (1.1ms)
  Rendered /Users/ricknjns/.rvm/gems/ruby-2.3.0/gems/actionpack-5.0.6/lib/action_dispatch/middleware/templates/rescues/routing_error.html.erb within rescues/layout (166.3ms)
  
ActionController::RoutingError (uninitialized constant SiteController):
  
activesupport (5.0.6) lib/active_support/inflector/methods.rb:268:in `const_get'
activesupport (5.0.6) lib/active_support/inflector/methods.rb:268:in `block in constantize'
activesupport (5.0.6) lib/active_support/inflector/methods.rb:266:in `each'
activesupport (5.0.6) lib/active_support/inflector/methods.rb:266:in `inject'
activesupport (5.0.6) lib/active_support/inflector/methods.rb:266:in `constantize'
actionpack (5.0.6) lib/action_dispatch/http/request.rb:81:in `controller_class'
actionpack (5.0.6) lib/action_dispatch/routing/route_set.rb:44:in `controller'
actionpack (5.0.6) lib/action_dispatch/routing/route_set.rb:30:in `serve'
actionpack (5.0.6) lib/action_dispatch/journey/router.rb:39:in `block in serve'
actionpack (5.0.6) lib/action_dispatch/journey/router.rb:26:in `each'
actionpack (5.0.6) lib/action_dispatch/journey/router.rb:26:in `serve'
actionpack (5.0.6) lib/action_dispatch/routing/route_set.rb:727:in `call'
rack (2.0.4) lib/rack/etag.rb:25:in `call'
rack (2.0.4) lib/rack/conditional_get.rb:25:in `call'
rack (2.0.4) lib/rack/head.rb:12:in `call'
rack (2.0.4) lib/rack/session/abstract/id.rb:232:in `context'
rack (2.0.4) lib/rack/session/abstract/id.rb:226:in `call'
actionpack (5.0.6) lib/action_dispatch/middleware/cookies.rb:613:in `call'
activerecord (5.0.6) lib/active_record/migration.rb:553:in `call'
actionpack (5.0.6) lib/action_dispatch/middleware/callbacks.rb:38:in `block in call'
activesupport (5.0.6) lib/active_support/callbacks.rb:97:in `__run_callbacks__'
activesupport (5.0.6) lib/active_support/callbacks.rb:750:in `_run_call_callbacks'
activesupport (5.0.6) lib/active_support/callbacks.rb:90:in `run_callbacks'
actionpack (5.0.6) lib/action_dispatch/middleware/callbacks.rb:36:in `call'
actionpack (5.0.6) lib/action_dispatch/middleware/executor.rb:12:in `call'
actionpack (5.0.6) lib/action_dispatch/middleware/remote_ip.rb:79:in `call'
actionpack (5.0.6) lib/action_dispatch/middleware/debug_exceptions.rb:49:in `call'
web-console (3.5.1) lib/web_console/middleware.rb:135:in `call_app'
web-console (3.5.1) lib/web_console/middleware.rb:28:in `block in call'
web-console (3.5.1) lib/web_console/middleware.rb:18:in `catch'
web-console (3.5.1) lib/web_console/middleware.rb:18:in `call'
actionpack (5.0.6) lib/action_dispatch/middleware/show_exceptions.rb:31:in `call'
railties (5.0.6) lib/rails/rack/logger.rb:36:in `call_app'
railties (5.0.6) lib/rails/rack/logger.rb:24:in `block in call'
activesupport (5.0.6) lib/active_support/tagged_logging.rb:69:in `block in tagged'
activesupport (5.0.6) lib/active_support/tagged_logging.rb:26:in `tagged'
activesupport (5.0.6) lib/active_support/tagged_logging.rb:69:in `tagged'
railties (5.0.6) lib/rails/rack/logger.rb:24:in `call'
sprockets-rails (3.2.1) lib/sprockets/rails/quiet_assets.rb:13:in `call'
actionpack (5.0.6) lib/action_dispatch/middleware/request_id.rb:24:in `call'
rack (2.0.4) lib/rack/method_override.rb:22:in `call'
rack (2.0.4) lib/rack/runtime.rb:22:in `call'
activesupport (5.0.6) lib/active_support/cache/strategy/local_cache_middleware.rb:28:in `call'
actionpack (5.0.6) lib/action_dispatch/middleware/executor.rb:12:in `call'
actionpack (5.0.6) lib/action_dispatch/middleware/static.rb:136:in `call'
rack (2.0.4) lib/rack/sendfile.rb:111:in `call'
railties (5.0.6) lib/rails/engine.rb:522:in `call'
puma (3.11.3) lib/puma/configuration.rb:225:in `call'
puma (3.11.3) lib/puma/server.rb:624:in `handle_request'
puma (3.11.3) lib/puma/server.rb:438:in `process_client'
puma (3.11.3) lib/puma/server.rb:302:in `block in run'
puma (3.11.3) lib/puma/thread_pool.rb:120:in `block in spawn_thread'
  Rendering /Users/ricknjns/.rvm/gems/ruby-2.3.0/gems/actionpack-5.0.6/lib/action_dispatch/middleware/templates/rescues/routing_error.html.erb within rescues/layout
  Rendering /Users/ricknjns/.rvm/gems/ruby-2.3.0/gems/actionpack-5.0.6/lib/action_dispatch/middleware/templates/rescues/_trace.html.erb
  Rendered /Users/ricknjns/.rvm/gems/ruby-2.3.0/gems/actionpack-5.0.6/lib/action_dispatch/middleware/templates/rescues/_trace.html.erb (1.5ms)
  Rendered collection of /Users/ricknjns/.rvm/gems/ruby-2.3.0/gems/actionpack-5.0.6/lib/action_dispatch/middleware/templates/routes/_route.html.erb [42 times] (22.3ms)
  Rendered /Users/ricknjns/.rvm/gems/ruby-2.3.0/gems/actionpack-5.0.6/lib/action_dispatch/middleware/templates/routes/_table.html.erb (2.2ms)
  Rendering /Users/ricknjns/.rvm/gems/ruby-2.3.0/gems/actionpack-5.0.6/lib/action_dispatch/middleware/templates/rescues/_request_and_response.html.erb
  Rendered /Users/ricknjns/.rvm/gems/ruby-2.3.0/gems/actionpack-5.0.6/lib/action_dispatch/middleware/templates/rescues/_request_and_response.html.erb (1.8ms)
  Rendered /Users/ricknjns/.rvm/gems/ruby-2.3.0/gems/actionpack-5.0.6/lib/action_dispatch/middleware/templates/rescues/routing_error.html.erb within rescues/layout (132.6ms)
Started GET "/" for 127.0.0.1 at 2018-06-19 22:32:49 -0400
Processing by HomeController#index as HTML
  Rendering home/index.html.erb within layouts/application
  Rendered home/index.html.erb within layouts/application (1.0ms)
Completed 200 OK in 15643ms (Views: 15640.0ms | ActiveRecord: 0.0ms)


  
ActionController::RoutingError (No route matches [GET] "/assets/bootstrap-datepicker3.css.map"):
  
actionpack (5.0.6) lib/action_dispatch/middleware/debug_exceptions.rb:53:in `call'
web-console (3.5.1) lib/web_console/middleware.rb:135:in `call_app'
web-console (3.5.1) lib/web_console/middleware.rb:28:in `block in call'
web-console (3.5.1) lib/web_console/middleware.rb:18:in `catch'
web-console (3.5.1) lib/web_console/middleware.rb:18:in `call'
actionpack (5.0.6) lib/action_dispatch/middleware/show_exceptions.rb:31:in `call'
railties (5.0.6) lib/rails/rack/logger.rb:36:in `call_app'
railties (5.0.6) lib/rails/rack/logger.rb:24:in `block in call'
activesupport (5.0.6) lib/active_support/tagged_logging.rb:69:in `block in tagged'
activesupport (5.0.6) lib/active_support/tagged_logging.rb:26:in `tagged'
activesupport (5.0.6) lib/active_support/tagged_logging.rb:69:in `tagged'
railties (5.0.6) lib/rails/rack/logger.rb:24:in `call'
sprockets-rails (3.2.1) lib/sprockets/rails/quiet_assets.rb:11:in `block in call'
activesupport (5.0.6) lib/active_support/logger_silence.rb:20:in `silence'
activesupport (5.0.6) lib/active_support/logger.rb:63:in `block (3 levels) in broadcast'
activesupport (5.0.6) lib/active_support/logger_silence.rb:20:in `silence'
activesupport (5.0.6) lib/active_support/logger.rb:61:in `block (2 levels) in broadcast'
sprockets-rails (3.2.1) lib/sprockets/rails/quiet_assets.rb:11:in `call'
actionpack (5.0.6) lib/action_dispatch/middleware/request_id.rb:24:in `call'
rack (2.0.4) lib/rack/method_override.rb:22:in `call'
rack (2.0.4) lib/rack/runtime.rb:22:in `call'
activesupport (5.0.6) lib/active_support/cache/strategy/local_cache_middleware.rb:28:in `call'
actionpack (5.0.6) lib/action_dispatch/middleware/executor.rb:12:in `call'
actionpack (5.0.6) lib/action_dispatch/middleware/static.rb:136:in `call'
rack (2.0.4) lib/rack/sendfile.rb:111:in `call'
railties (5.0.6) lib/rails/engine.rb:522:in `call'
puma (3.11.3) lib/puma/configuration.rb:225:in `call'
puma (3.11.3) lib/puma/server.rb:624:in `handle_request'
puma (3.11.3) lib/puma/server.rb:438:in `process_client'
puma (3.11.3) lib/puma/server.rb:302:in `block in run'
puma (3.11.3) lib/puma/thread_pool.rb:120:in `block in spawn_thread'
Started GET "/" for 127.0.0.1 at 2018-06-19 22:46:34 -0400
Processing by StoreController#index as HTML
  [1m[36mCart Load (6.9ms)[0m  [1m[34mSELECT  "carts".* FROM "carts" WHERE "carts"."id" = $1 LIMIT $2[0m  [["id", 58], ["LIMIT", 1]]
  Rendering store/index.html.erb within layouts/application
  [1m[36mProduct Load (2.0ms)[0m  [1m[34mSELECT "products".* FROM "products" ORDER BY "products"."title" ASC[0m
  Rendered store/index.html.erb within layouts/application (41.6ms)
  [1m[36mLineItem Exists (1.6ms)[0m  [1m[34mSELECT  1 AS one FROM "line_items" WHERE "line_items"."cart_id" = $1 LIMIT $2[0m  [["cart_id", 58], ["LIMIT", 1]]
  [1m[36mLineItem Load (0.5ms)[0m  [1m[34mSELECT "line_items".* FROM "line_items" WHERE "line_items"."cart_id" = $1[0m  [["cart_id", 58]]
  Rendered collection of templates [0 times] (0.0ms)
  Rendered carts/_cart.html.erb (19.9ms)
Completed 200 OK in 1056ms (Views: 1008.4ms | ActiveRecord: 21.7ms)


  
ActionController::RoutingError (No route matches [GET] "/assets/bootstrap-datepicker3.css.map"):
  
actionpack (5.0.6) lib/action_dispatch/middleware/debug_exceptions.rb:53:in `call'
web-console (3.5.1) lib/web_console/middleware.rb:135:in `call_app'
web-console (3.5.1) lib/web_console/middleware.rb:28:in `block in call'
web-console (3.5.1) lib/web_console/middleware.rb:18:in `catch'
web-console (3.5.1) lib/web_console/middleware.rb:18:in `call'
actionpack (5.0.6) lib/action_dispatch/middleware/show_exceptions.rb:31:in `call'
railties (5.0.6) lib/rails/rack/logger.rb:36:in `call_app'
railties (5.0.6) lib/rails/rack/logger.rb:24:in `block in call'
activesupport (5.0.6) lib/active_support/tagged_logging.rb:69:in `block in tagged'
activesupport (5.0.6) lib/active_support/tagged_logging.rb:26:in `tagged'
activesupport (5.0.6) lib/active_support/tagged_logging.rb:69:in `tagged'
railties (5.0.6) lib/rails/rack/logger.rb:24:in `call'
sprockets-rails (3.2.1) lib/sprockets/rails/quiet_assets.rb:11:in `block in call'
activesupport (5.0.6) lib/active_support/logger_silence.rb:20:in `silence'
activesupport (5.0.6) lib/active_support/logger.rb:63:in `block (3 levels) in broadcast'
activesupport (5.0.6) lib/active_support/logger_silence.rb:20:in `silence'
activesupport (5.0.6) lib/active_support/logger.rb:61:in `block (2 levels) in broadcast'
sprockets-rails (3.2.1) lib/sprockets/rails/quiet_assets.rb:11:in `call'
actionpack (5.0.6) lib/action_dispatch/middleware/request_id.rb:24:in `call'
rack (2.0.4) lib/rack/method_override.rb:22:in `call'
rack (2.0.4) lib/rack/runtime.rb:22:in `call'
activesupport (5.0.6) lib/active_support/cache/strategy/local_cache_middleware.rb:28:in `call'
actionpack (5.0.6) lib/action_dispatch/middleware/executor.rb:12:in `call'
actionpack (5.0.6) lib/action_dispatch/middleware/static.rb:136:in `call'
rack (2.0.4) lib/rack/sendfile.rb:111:in `call'
railties (5.0.6) lib/rails/engine.rb:522:in `call'
puma (3.11.3) lib/puma/configuration.rb:225:in `call'
puma (3.11.3) lib/puma/server.rb:624:in `handle_request'
puma (3.11.3) lib/puma/server.rb:438:in `process_client'
puma (3.11.3) lib/puma/server.rb:302:in `block in run'
puma (3.11.3) lib/puma/thread_pool.rb:120:in `block in spawn_thread'
Started GET "/products/new" for 127.0.0.1 at 2018-06-19 22:46:38 -0400
Processing by ProductsController#new as HTML
  Rendering products/new.html.erb within layouts/application
  Rendered products/_form.html.erb (86.5ms)
  Rendered products/new.html.erb within layouts/application (94.5ms)
Completed 200 OK in 871ms (Views: 860.5ms | ActiveRecord: 0.0ms)


Started GET "/products" for 127.0.0.1 at 2018-06-19 22:46:42 -0400
Processing by ProductsController#index as HTML
  Rendering products/index.html.erb within layouts/application
  [1m[36mProduct Load (1.7ms)[0m  [1m[34mSELECT "products".* FROM "products"[0m
  Rendered products/index.html.erb within layouts/application (20.2ms)
Completed 200 OK in 818ms (Views: 815.3ms | ActiveRecord: 1.7ms)


Started GET "/products" for 127.0.0.1 at 2018-06-19 23:10:31 -0400
Processing by ProductsController#index as HTML
  Rendering products/index.html.erb within layouts/application
  [1m[36mProduct Load (0.3ms)[0m  [1m[34mSELECT "products".* FROM "products"[0m
  Rendered products/index.html.erb within layouts/application (26.5ms)
Completed 200 OK in 7554ms (Views: 7544.7ms | ActiveRecord: 3.3ms)


  
ActionController::RoutingError (No route matches [GET] "/assets/bootstrap-datepicker3.css.map"):
  
actionpack (5.0.6) lib/action_dispatch/middleware/debug_exceptions.rb:53:in `call'
web-console (3.5.1) lib/web_console/middleware.rb:135:in `call_app'
web-console (3.5.1) lib/web_console/middleware.rb:28:in `block in call'
web-console (3.5.1) lib/web_console/middleware.rb:18:in `catch'
web-console (3.5.1) lib/web_console/middleware.rb:18:in `call'
actionpack (5.0.6) lib/action_dispatch/middleware/show_exceptions.rb:31:in `call'
railties (5.0.6) lib/rails/rack/logger.rb:36:in `call_app'
railties (5.0.6) lib/rails/rack/logger.rb:24:in `block in call'
activesupport (5.0.6) lib/active_support/tagged_logging.rb:69:in `block in tagged'
activesupport (5.0.6) lib/active_support/tagged_logging.rb:26:in `tagged'
activesupport (5.0.6) lib/active_support/tagged_logging.rb:69:in `tagged'
railties (5.0.6) lib/rails/rack/logger.rb:24:in `call'
sprockets-rails (3.2.1) lib/sprockets/rails/quiet_assets.rb:11:in `block in call'
activesupport (5.0.6) lib/active_support/logger_silence.rb:20:in `silence'
activesupport (5.0.6) lib/active_support/logger.rb:63:in `block (3 levels) in broadcast'
activesupport (5.0.6) lib/active_support/logger_silence.rb:20:in `silence'
activesupport (5.0.6) lib/active_support/logger.rb:61:in `block (2 levels) in broadcast'
sprockets-rails (3.2.1) lib/sprockets/rails/quiet_assets.rb:11:in `call'
actionpack (5.0.6) lib/action_dispatch/middleware/request_id.rb:24:in `call'
rack (2.0.4) lib/rack/method_override.rb:22:in `call'
rack (2.0.4) lib/rack/runtime.rb:22:in `call'
activesupport (5.0.6) lib/active_support/cache/strategy/local_cache_middleware.rb:28:in `call'
actionpack (5.0.6) lib/action_dispatch/middleware/executor.rb:12:in `call'
actionpack (5.0.6) lib/action_dispatch/middleware/static.rb:136:in `call'
rack (2.0.4) lib/rack/sendfile.rb:111:in `call'
railties (5.0.6) lib/rails/engine.rb:522:in `call'
puma (3.11.3) lib/puma/configuration.rb:225:in `call'
puma (3.11.3) lib/puma/server.rb:624:in `handle_request'
puma (3.11.3) lib/puma/server.rb:438:in `process_client'
puma (3.11.3) lib/puma/server.rb:302:in `block in run'
puma (3.11.3) lib/puma/thread_pool.rb:120:in `block in spawn_thread'
Started GET "/products" for 127.0.0.1 at 2018-06-19 23:11:07 -0400
Processing by ProductsController#index as HTML
  Rendering products/index.html.erb within layouts/application
  [1m[36mProduct Load (0.3ms)[0m  [1m[34mSELECT "products".* FROM "products"[0m
  Rendered products/index.html.erb within layouts/application (11.7ms)
Completed 200 OK in 7246ms (Views: 7244.3ms | ActiveRecord: 0.3ms)


  
ActionController::RoutingError (No route matches [GET] "/assets/bootstrap-datepicker3.css.map"):
  
actionpack (5.0.6) lib/action_dispatch/middleware/debug_exceptions.rb:53:in `call'
web-console (3.5.1) lib/web_console/middleware.rb:135:in `call_app'
web-console (3.5.1) lib/web_console/middleware.rb:28:in `block in call'
web-console (3.5.1) lib/web_console/middleware.rb:18:in `catch'
web-console (3.5.1) lib/web_console/middleware.rb:18:in `call'
actionpack (5.0.6) lib/action_dispatch/middleware/show_exceptions.rb:31:in `call'
railties (5.0.6) lib/rails/rack/logger.rb:36:in `call_app'
railties (5.0.6) lib/rails/rack/logger.rb:24:in `block in call'
activesupport (5.0.6) lib/active_support/tagged_logging.rb:69:in `block in tagged'
activesupport (5.0.6) lib/active_support/tagged_logging.rb:26:in `tagged'
activesupport (5.0.6) lib/active_support/tagged_logging.rb:69:in `tagged'
railties (5.0.6) lib/rails/rack/logger.rb:24:in `call'
sprockets-rails (3.2.1) lib/sprockets/rails/quiet_assets.rb:11:in `block in call'
activesupport (5.0.6) lib/active_support/logger_silence.rb:20:in `silence'
activesupport (5.0.6) lib/active_support/logger.rb:63:in `block (3 levels) in broadcast'
activesupport (5.0.6) lib/active_support/logger_silence.rb:20:in `silence'
activesupport (5.0.6) lib/active_support/logger.rb:61:in `block (2 levels) in broadcast'
sprockets-rails (3.2.1) lib/sprockets/rails/quiet_assets.rb:11:in `call'
actionpack (5.0.6) lib/action_dispatch/middleware/request_id.rb:24:in `call'
rack (2.0.4) lib/rack/method_override.rb:22:in `call'
rack (2.0.4) lib/rack/runtime.rb:22:in `call'
activesupport (5.0.6) lib/active_support/cache/strategy/local_cache_middleware.rb:28:in `call'
actionpack (5.0.6) lib/action_dispatch/middleware/executor.rb:12:in `call'
actionpack (5.0.6) lib/action_dispatch/middleware/static.rb:136:in `call'
rack (2.0.4) lib/rack/sendfile.rb:111:in `call'
railties (5.0.6) lib/rails/engine.rb:522:in `call'
puma (3.11.3) lib/puma/configuration.rb:225:in `call'
puma (3.11.3) lib/puma/server.rb:624:in `handle_request'
puma (3.11.3) lib/puma/server.rb:438:in `process_client'
puma (3.11.3) lib/puma/server.rb:302:in `block in run'
puma (3.11.3) lib/puma/thread_pool.rb:120:in `block in spawn_thread'
